# JRE version: Java(TM) SE Runtime Environment (8.0_73-b02) (build 1.8.0_73-b02)
# Java VM: Java HotSpot(TM) 64-Bit Server VM (25.73-b02 mixed mode windows-amd64 compressed oops)
Heap:
 PSYoungGen      total 232960K, used 123915K [0x00000000e0b00000, 0x00000000f1200000, 0x0000000100000000)
  eden space 215552K, 49% used [0x00000000e0b00000,0x00000000e7304040,0x00000000edd80000)
  from space 17408K, 99% used [0x00000000f0100000,0x00000000f11fedb8,0x00000000f1200000)
  to   space 20480K, 0% used [0x00000000eea00000,0x00000000eea00000,0x00000000efe00000)
 ParOldGen       total 64000K, used 21733K [0x00000000a2000000, 0x00000000a5e80000, 0x00000000e0b00000)
  object space 64000K, 33% used [0x00000000a2000000,0x00000000a35396f8,0x00000000a5e80000)
 Metaspace       used 54054K, capacity 56868K, committed 56960K, reserved 1097728K
  class space    used 7539K, capacity 8026K, committed 8064K, reserved 1048576K
GC Heap History (10 events):
Event: 10.119 GC heap before
{Heap before GC invocations=8 (full 1):
 PSYoungGen      total 93696K, used 93350K [0x00000000e0b00000, 0x00000000e7800000, 0x0000000100000000)
  eden space 90112K, 100% used [0x00000000e0b00000,0x00000000e6300000,0x00000000e6300000)
  from space 3584K, 90% used [0x00000000e7480000,0x00000000e77a9938,0x00000000e7800000)
  to   space 9728K, 0% used [0x00000000e6500000,0x00000000e6500000,0x00000000e6e80000)
 ParOldGen       total 43008K, used 9132K [0x00000000a2000000, 0x00000000a4a00000, 0x00000000e0b00000)
  object space 43008K, 21% used [0x00000000a2000000,0x00000000a28eb040,0x00000000a4a00000)
 Metaspace       used 26892K, capacity 28120K, committed 28288K, reserved 1073152K
  class space    used 3650K, capacity 3954K, committed 3968K, reserved 1048576K
Event: 10.149 GC heap after
Heap after GC invocations=8 (full 1):
 PSYoungGen      total 101888K, used 9713K [0x00000000e0b00000, 0x00000000ec080000, 0x0000000100000000)
  eden space 92160K, 0% used [0x00000000e0b00000,0x00000000e0b00000,0x00000000e6500000)
  from space 9728K, 99% used [0x00000000e6500000,0x00000000e6e7c440,0x00000000e6e80000)
  to   space 11776K, 0% used [0x00000000eb500000,0x00000000eb500000,0x00000000ec080000)
 ParOldGen       total 43008K, used 9886K [0x00000000a2000000, 0x00000000a4a00000, 0x00000000e0b00000)
  object space 43008K, 22% used [0x00000000a2000000,0x00000000a29a7830,0x00000000a4a00000)
 Metaspace       used 26892K, capacity 28120K, committed 28288K, reserved 1073152K
  class space    used 3650K, capacity 3954K, committed 3968K, reserved 1048576K
}
Event: 11.057 GC heap before
{Heap before GC invocations=9 (full 1):
 PSYoungGen      total 101888K, used 101839K [0x00000000e0b00000, 0x00000000ec080000, 0x0000000100000000)
  eden space 92160K, 99% used [0x00000000e0b00000,0x00000000e64f7ab0,0x00000000e6500000)
  from space 9728K, 99% used [0x00000000e6500000,0x00000000e6e7c440,0x00000000e6e80000)
  to   space 11776K, 0% used [0x00000000eb500000,0x00000000eb500000,0x00000000ec080000)
 ParOldGen       total 43008K, used 9886K [0x00000000a2000000, 0x00000000a4a00000, 0x00000000e0b00000)
  object space 43008K, 22% used [0x00000000a2000000,0x00000000a29a7830,0x00000000a4a00000)
 Metaspace       used 29748K, capacity 31244K, committed 31488K, reserved 1077248K
  class space    used 4023K, capacity 4340K, committed 4352K, reserved 1048576K
Event: 11.100 GC heap after
Heap after GC invocations=9 (full 1):
 PSYoungGen      total 171520K, used 11772K [0x00000000e0b00000, 0x00000000ec880000, 0x0000000100000000)
  eden space 159744K, 0% used [0x00000000e0b00000,0x00000000e0b00000,0x00000000ea700000)
  from space 11776K, 99% used [0x00000000eb500000,0x00000000ec07f320,0x00000000ec080000)
  to   space 14336K, 0% used [0x00000000ea700000,0x00000000ea700000,0x00000000eb500000)
 ParOldGen       total 43008K, used 11287K [0x00000000a2000000, 0x00000000a4a00000, 0x00000000e0b00000)
  object space 43008K, 26% used [0x00000000a2000000,0x00000000a2b05c88,0x00000000a4a00000)
 Metaspace       used 29748K, capacity 31244K, committed 31488K, reserved 1077248K
  class space    used 4023K, capacity 4340K, committed 4352K, reserved 1048576K
}
Event: 12.520 GC heap before
{Heap before GC invocations=10 (full 1):
 PSYoungGen      total 171520K, used 56517K [0x00000000e0b00000, 0x00000000ec880000, 0x0000000100000000)
  eden space 159744K, 28% used [0x00000000e0b00000,0x00000000e36b24b0,0x00000000ea700000)
  from space 11776K, 99% used [0x00000000eb500000,0x00000000ec07f320,0x00000000ec080000)
  to   space 14336K, 0% used [0x00000000ea700000,0x00000000ea700000,0x00000000eb500000)
 ParOldGen       total 43008K, used 11287K [0x00000000a2000000, 0x00000000a4a00000, 0x00000000e0b00000)
  object space 43008K, 26% used [0x00000000a2000000,0x00000000a2b05c88,0x00000000a4a00000)
 Metaspace       used 33743K, capacity 35406K, committed 35496K, reserved 1079296K
  class space    used 4442K, capacity 4807K, committed 4864K, reserved 1048576K
Event: 12.563 GC heap after
Heap after GC invocations=10 (full 1):
 PSYoungGen      total 174080K, used 14322K [0x00000000e0b00000, 0x00000000f1200000, 0x0000000100000000)
  eden space 159744K, 0% used [0x00000000e0b00000,0x00000000e0b00000,0x00000000ea700000)
  from space 14336K, 99% used [0x00000000ea700000,0x00000000eb4fc9f8,0x00000000eb500000)
  to   space 17408K, 0% used [0x00000000f0100000,0x00000000f0100000,0x00000000f1200000)
 ParOldGen       total 43008K, used 12971K [0x00000000a2000000, 0x00000000a4a00000, 0x00000000e0b00000)
  object space 43008K, 30% used [0x00000000a2000000,0x00000000a2caacb8,0x00000000a4a00000)
 Metaspace       used 33743K, capacity 35406K, committed 35496K, reserved 1079296K
  class space    used 4442K, capacity 4807K, committed 4864K, reserved 1048576K
}
Event: 12.563 GC heap before
{Heap before GC invocations=11 (full 2):
 PSYoungGen      total 174080K, used 14322K [0x00000000e0b00000, 0x00000000f1200000, 0x0000000100000000)
  eden space 159744K, 0% used [0x00000000e0b00000,0x00000000e0b00000,0x00000000ea700000)
  from space 14336K, 99% used [0x00000000ea700000,0x00000000eb4fc9f8,0x00000000eb500000)
  to   space 17408K, 0% used [0x00000000f0100000,0x00000000f0100000,0x00000000f1200000)
 ParOldGen       total 43008K, used 12971K [0x00000000a2000000, 0x00000000a4a00000, 0x00000000e0b00000)
  object space 43008K, 30% used [0x00000000a2000000,0x00000000a2caacb8,0x00000000a4a00000)
 Metaspace       used 33743K, capacity 35406K, committed 35496K, reserved 1079296K
  class space    used 4442K, capacity 4807K, committed 4864K, reserved 1048576K
Event: 12.808 GC heap after
Heap after GC invocations=11 (full 2):
 PSYoungGen      total 174080K, used 0K [0x00000000e0b00000, 0x00000000f1200000, 0x0000000100000000)
  eden space 159744K, 0% used [0x00000000e0b00000,0x00000000e0b00000,0x00000000ea700000)
  from space 14336K, 0% used [0x00000000ea700000,0x00000000ea700000,0x00000000eb500000)
  to   space 17408K, 0% used [0x00000000f0100000,0x00000000f0100000,0x00000000f1200000)
 ParOldGen       total 64000K, used 20332K [0x00000000a2000000, 0x00000000a5e80000, 0x00000000e0b00000)
  object space 64000K, 31% used [0x00000000a2000000,0x00000000a33db1f8,0x00000000a5e80000)
 Metaspace       used 33743K, capacity 35406K, committed 35496K, reserved 1079296K
  class space    used 4442K, capacity 4807K, committed 4864K, reserved 1048576K
}
Event: 22.578 GC heap before
{Heap before GC invocations=12 (full 2):
 PSYoungGen      total 174080K, used 159744K [0x00000000e0b00000, 0x00000000f1200000, 0x0000000100000000)
  eden space 159744K, 100% used [0x00000000e0b00000,0x00000000ea700000,0x00000000ea700000)
  from space 14336K, 0% used [0x00000000ea700000,0x00000000ea700000,0x00000000eb500000)
  to   space 17408K, 0% used [0x00000000f0100000,0x00000000f0100000,0x00000000f1200000)
 ParOldGen       total 64000K, used 20332K [0x00000000a2000000, 0x00000000a5e80000, 0x00000000e0b00000)
  object space 64000K, 31% used [0x00000000a2000000,0x00000000a33db1f8,0x00000000a5e80000)
 Metaspace       used 49164K, capacity 51664K, committed 51968K, reserved 1093632K
  class space    used 6893K, capacity 7348K, committed 7424K, reserved 1048576K
Event: 22.645 GC heap after
Heap after GC invocations=12 (full 2):
 PSYoungGen      total 232960K, used 17403K [0x00000000e0b00000, 0x00000000f1200000, 0x0000000100000000)
  eden space 215552K, 0% used [0x00000000e0b00000,0x00000000e0b00000,0x00000000edd80000)
  from space 17408K, 99% used [0x00000000f0100000,0x00000000f11fedb8,0x00000000f1200000)
  to   space 20480K, 0% used [0x00000000eea00000,0x00000000eea00000,0x00000000efe00000)
 ParOldGen       total 64000K, used 21733K [0x00000000a2000000, 0x00000000a5e80000, 0x00000000e0b00000)
  object space 64000K, 33% used [0x00000000a2000000,0x00000000a35396f8,0x00000000a5e80000)
 Metaspace       used 49164K, capacity 51664K, committed 51968K, reserved 1093632K
  class space    used 6893K, capacity 7348K, committed 7424K, reserved 1048576K
}

